<?xml version="1.0" encoding="utf-8"?><testsuites name="pytest tests"><testsuite name="pytest" errors="0" failures="0" skipped="0" tests="19" time="28.257" timestamp="2026-08-12T17:03:11.577552+00:00" hostname="agent-env-708077c5-e77a-44ef-a358-781f077d3d56"><testcase classname="tests.backend_test.TestAuth" name="test_register_new_user" time="1.738" /><testcase classname="tests.backend_test.TestAI" name="test_ai_ask" time="4.082" /><testcase classname="tests.backend_test.TestAuth" name="test_register_requires_age" time="0.142" /><testcase classname="tests.backend_test.TestAuth" name="test_login_invalid" time="0.446" /><testcase classname="tests.backend_test.TestAuth" name="test_login_demo" time="0.364" /><testcase classname="tests.backend_test.TestAuth" name="test_me" time="0.131" /><testcase classname="tests.backend_test.TestAuth" name="test_me_unauth" time="0.114" /><testcase classname="tests.backend_test.TestAttemptsProfile" name="test_create_attempt_and_profile" time="0.283" /><testcase classname="tests.backend_test.TestAttemptsProfile" name="test_set_level_free_locked" time="0.133" /><testcase classname="tests.backend_test.TestAttemptsProfile" name="test_set_level_beginner_ok" time="0.135" /><testcase classname="tests.backend_test.TestTyping" name="test_random_words" time="0.148" /><testcase classname="tests.backend_test.TestTyping" name="test_random_quote" time="0.134" /><testcase classname="tests.backend_test.TestMisc" name="test_credits" time="0.134" /><testcase classname="tests.backend_test.TestMisc" name="test_leaderboard" time="0.195" /><testcase classname="tests.backend_test.TestAI" name="test_ai_word_of_day" time="2.968" /><testcase classname="tests.backend_test.TestAI" name="test_ai_quiz" time="9.661" /><testcase classname="tests.backend_test.TestAI" name="test_ai_grade_short" time="1.498" /><testcase classname="tests.backend_test.TestAI" name="test_ai_grade_sentence" time="1.890" /><testcase classname="tests.backend_test.TestAI" name="test_ai_course" time="7.644" /></testsuite></testsuites>